(node:25658) [DEP_WEBPACK_DEV_SERVER_ON_AFTER_SETUP_MIDDLEWARE] DeprecationWarning: 'onAfterSetupMiddleware' option is deprecated. Please use the 'setupMiddlewares' option.
(Use `node --trace-deprecation ...` to show where the warning was created)
(node:25658) [DEP_WEBPACK_DEV_SERVER_ON_BEFORE_SETUP_MIDDLEWARE] DeprecationWarning: 'onBeforeSetupMiddleware' option is deprecated. Please use the 'setupMiddlewares' option.
Starting the development server...

Compiled successfully!

You can now view markel-v2 in the browser.

  Local:            http://localhost:3001/Markel
  On Your Network:  http://192.168.31.8:3001/Markel

Note that the development build is not optimized.
To create a production build, use npm run build.

webpack compiled successfully
Compiling...
Compiled successfully!
webpack compiled successfully
Compiling...
Compiled successfully!
webpack compiled successfully
Compiling...
Compiled successfully!
webpack compiled successfully
Compiling...
Compiled successfully!
webpack compiled successfully
Compiling...
Compiled successfully!
webpack compiled successfully
Compiling...
Compiled successfully!
webpack compiled successfully
Compiling...
Compiled successfully!
webpack compiled successfully
Compiling...
Compiled successfully!
webpack compiled successfully
Compiling...
Compiled successfully!
webpack compiled successfully
Compiling...
Compiled successfully!
webpack compiled successfully
Compiling...
Compiled successfully!
webpack compiled successfully
Compiling...
Compiled successfully!
webpack compiled successfully
Compiling...
Compiled successfully!
webpack compiled successfully
Compiling...
Compiled successfully!
webpack compiled successfully
Compiling...
Compiled successfully!
webpack compiled successfully
Compiling...
Failed to compile.

[eslint] 
src/components/Sidebar.js
Syntax error: Unterminated string constant. (55:213) (55:213)
ERROR in ./src/components/Sidebar.js
Module build failed (from ./node_modules/babel-loader/lib/index.js):
SyntaxError: /Users/umarfaruqsoremekun/Documents/Cursor/markel v2/src/components/Sidebar.js: Unterminated string constant. (55:213)

  53 |         >
  54 |           {/* Sticky Checkbox Column */}
> 55 |           <div className={`sticky left-0 flex-shrink-0 w-14 flex items-center justify-center p-4 bg-white rounded-l-lg z-10 relative ${highlightCheckbox ? 'ring-2 ring-[#216270] ring-offset-0 animate-pulse' : ''}`">
     |                                                                                                                                                                                                                      ^
  56 |             {active && (
  57 |               <div className="absolute left-[-16px] top-1/2 -translate-y-1/2 w-1 h-11 bg-[#3C3C3C] rounded-r-lg z-30 pointer-events-none" />
  58 |             )}
    at constructor (/Users/umarfaruqsoremekun/Documents/Cursor/markel v2/node_modules/@babel/parser/lib/index.js:367:19)
    at FlowParserMixin.raise (/Users/umarfaruqsoremekun/Documents/Cursor/markel v2/node_modules/@babel/parser/lib/index.js:6627:19)
    at Object.unterminated (/Users/umarfaruqsoremekun/Documents/Cursor/markel v2/node_modules/@babel/parser/lib/index.js:5692:20)
    at readStringContents (/Users/umarfaruqsoremekun/Documents/Cursor/markel v2/node_modules/@babel/parser/lib/index.js:5434:16)
    at FlowParserMixin.readString (/Users/umarfaruqsoremekun/Documents/Cursor/markel v2/node_modules/@babel/parser/lib/index.js:6526:9)
    at FlowParserMixin.getTokenFromCode (/Users/umarfaruqsoremekun/Documents/Cursor/markel v2/node_modules/@babel/parser/lib/index.js:6286:14)
    at FlowParserMixin.getTokenFromCode (/Users/umarfaruqsoremekun/Documents/Cursor/markel v2/node_modules/@babel/parser/lib/index.js:4827:11)
    at FlowParserMixin.getTokenFromCode (/Users/umarfaruqsoremekun/Documents/Cursor/markel v2/node_modules/@babel/parser/lib/index.js:3225:13)
    at FlowParserMixin.nextToken (/Users/umarfaruqsoremekun/Documents/Cursor/markel v2/node_modules/@babel/parser/lib/index.js:5810:10)
    at FlowParserMixin.next (/Users/umarfaruqsoremekun/Documents/Cursor/markel v2/node_modules/@babel/parser/lib/index.js:5720:10)
    at FlowParserMixin.parseTemplateElement (/Users/umarfaruqsoremekun/Documents/Cursor/markel v2/node_modules/@babel/parser/lib/index.js:11784:10)
    at FlowParserMixin.parseTemplate (/Users/umarfaruqsoremekun/Documents/Cursor/markel v2/node_modules/@babel/parser/lib/index.js:11797:33)
    at FlowParserMixin.parseExprAtom (/Users/umarfaruqsoremekun/Documents/Cursor/markel v2/node_modules/@babel/parser/lib/index.js:11346:21)
    at FlowParserMixin.parseExprAtom (/Users/umarfaruqsoremekun/Documents/Cursor/markel v2/node_modules/@babel/parser/lib/index.js:4794:20)
    at FlowParserMixin.parseExprSubscripts (/Users/umarfaruqsoremekun/Documents/Cursor/markel v2/node_modules/@babel/parser/lib/index.js:11076:23)
    at FlowParserMixin.parseUpdate (/Users/umarfaruqsoremekun/Documents/Cursor/markel v2/node_modules/@babel/parser/lib/index.js:11061:21)
    at FlowParserMixin.parseMaybeUnary (/Users/umarfaruqsoremekun/Documents/Cursor/markel v2/node_modules/@babel/parser/lib/index.js:11041:23)
    at FlowParserMixin.parseMaybeUnaryOrPrivate (/Users/umarfaruqsoremekun/Documents/Cursor/markel v2/node_modules/@babel/parser/lib/index.js:10894:61)
    at FlowParserMixin.parseExprOps (/Users/umarfaruqsoremekun/Documents/Cursor/markel v2/node_modules/@babel/parser/lib/index.js:10899:23)
    at FlowParserMixin.parseMaybeConditional (/Users/umarfaruqsoremekun/Documents/Cursor/markel v2/node_modules/@babel/parser/lib/index.js:10876:23)
    at FlowParserMixin.parseMaybeAssign (/Users/umarfaruqsoremekun/Documents/Cursor/markel v2/node_modules/@babel/parser/lib/index.js:10826:21)
    at FlowParserMixin.parseMaybeAssign (/Users/umarfaruqsoremekun/Documents/Cursor/markel v2/node_modules/@babel/parser/lib/index.js:3579:18)
    at FlowParserMixin.parseExpressionBase (/Users/umarfaruqsoremekun/Documents/Cursor/markel v2/node_modules/@babel/parser/lib/index.js:10779:23)
    at /Users/umarfaruqsoremekun/Documents/Cursor/markel v2/node_modules/@babel/parser/lib/index.js:10775:39
    at FlowParserMixin.allowInAnd (/Users/umarfaruqsoremekun/Documents/Cursor/markel v2/node_modules/@babel/parser/lib/index.js:12427:12)
    at FlowParserMixin.parseExpression (/Users/umarfaruqsoremekun/Documents/Cursor/markel v2/node_modules/@babel/parser/lib/index.js:10775:17)
    at FlowParserMixin.jsxParseExpressionContainer (/Users/umarfaruqsoremekun/Documents/Cursor/markel v2/node_modules/@babel/parser/lib/index.js:4662:31)
    at FlowParserMixin.jsxParseAttributeValue (/Users/umarfaruqsoremekun/Documents/Cursor/markel v2/node_modules/@babel/parser/lib/index.js:4634:21)
    at FlowParserMixin.jsxParseAttribute (/Users/umarfaruqsoremekun/Documents/Cursor/markel v2/node_modules/@babel/parser/lib/index.js:4683:38)
    at FlowParserMixin.jsxParseOpeningElementAfterName (/Users/umarfaruqsoremekun/Documents/Cursor/markel v2/node_modules/@babel/parser/lib/index.js:4697:28)
    at FlowParserMixin.jsxParseOpeningElementAfterName (/Users/umarfaruqsoremekun/Documents/Cursor/markel v2/node_modules/@babel/parser/lib/index.js:4098:18)
    at FlowParserMixin.jsxParseOpeningElementAt (/Users/umarfaruqsoremekun/Documents/Cursor/markel v2/node_modules/@babel/parser/lib/index.js:4692:17)
    at FlowParserMixin.jsxParseElementAt (/Users/umarfaruqsoremekun/Documents/Cursor/markel v2/node_modules/@babel/parser/lib/index.js:4716:33)
    at FlowParserMixin.jsxParseElementAt (/Users/umarfaruqsoremekun/Documents/Cursor/markel v2/node_modules/@babel/parser/lib/index.js:4728:32)
    at FlowParserMixin.jsxParseElementAt (/Users/umarfaruqsoremekun/Documents/Cursor/markel v2/node_modules/@babel/parser/lib/index.js:4728:32)
    at FlowParserMixin.jsxParseElement (/Users/umarfaruqsoremekun/Documents/Cursor/markel v2/node_modules/@babel/parser/lib/index.js:4779:17)
    at FlowParserMixin.parseExprAtom (/Users/umarfaruqsoremekun/Documents/Cursor/markel v2/node_modules/@babel/parser/lib/index.js:4789:19)
    at FlowParserMixin.parseExprSubscripts (/Users/umarfaruqsoremekun/Documents/Cursor/markel v2/node_modules/@babel/parser/lib/index.js:11076:23)
    at FlowParserMixin.parseUpdate (/Users/umarfaruqsoremekun/Documents/Cursor/markel v2/node_modules/@babel/parser/lib/index.js:11061:21)
    at FlowParserMixin.parseMaybeUnary (/Users/umarfaruqsoremekun/Documents/Cursor/markel v2/node_modules/@babel/parser/lib/index.js:11041:23)
    at FlowParserMixin.parseMaybeUnaryOrPrivate (/Users/umarfaruqsoremekun/Documents/Cursor/markel v2/node_modules/@babel/parser/lib/index.js:10894:61)
    at FlowParserMixin.parseExprOps (/Users/umarfaruqsoremekun/Documents/Cursor/markel v2/node_modules/@babel/parser/lib/index.js:10899:23)
    at FlowParserMixin.parseMaybeConditional (/Users/umarfaruqsoremekun/Documents/Cursor/markel v2/node_modules/@babel/parser/lib/index.js:10876:23)
    at FlowParserMixin.parseMaybeAssign (/Users/umarfaruqsoremekun/Documents/Cursor/markel v2/node_modules/@babel/parser/lib/index.js:10826:21)
    at /Users/umarfaruqsoremekun/Documents/Cursor/markel v2/node_modules/@babel/parser/lib/index.js:3528:39
    at FlowParserMixin.tryParse (/Users/umarfaruqsoremekun/Documents/Cursor/markel v2/node_modules/@babel/parser/lib/index.js:6935:20)
    at FlowParserMixin.parseMaybeAssign (/Users/umarfaruqsoremekun/Documents/Cursor/markel v2/node_modules/@babel/parser/lib/index.js:3528:18)
    at /Users/umarfaruqsoremekun/Documents/Cursor/markel v2/node_modules/@babel/parser/lib/index.js:10795:39
    at FlowParserMixin.allowInAnd (/Users/umarfaruqsoremekun/Documents/Cursor/markel v2/node_modules/@babel/parser/lib/index.js:12427:12)
    at FlowParserMixin.parseMaybeAssignAllowIn (/Users/umarfaruqsoremekun/Documents/Cursor/markel v2/node_modules/@babel/parser/lib/index.js:10795:17)

ERROR in [eslint] 
src/components/Sidebar.js
  Line 55:213:  Parsing error: Unterminated string constant. (55:213)

webpack compiled with 2 errors
Compiling...
Failed to compile.

[eslint] 
src/components/Sidebar.js
Syntax error: Unterminated string constant. (55:213) (55:213)
ERROR in ./src/components/Sidebar.js
Module build failed (from ./node_modules/babel-loader/lib/index.js):
SyntaxError: /Users/umarfaruqsoremekun/Documents/Cursor/markel v2/src/components/Sidebar.js: Unterminated string constant. (55:213)

  53 |         >
  54 |           {/* Sticky Checkbox Column */}
> 55 |           <div className={`sticky left-0 flex-shrink-0 w-14 flex items-center justify-center p-4 bg-white rounded-l-lg z-10 relative ${highlightCheckbox ? 'ring-2 ring-[#216270] ring-offset-0 animate-pulse' : ''}`">
     |                                                                                                                                                                                                                      ^
  56 |             {active && (
  57 |               <div className="absolute left-[-16px] top-1/2 -translate-y-1/2 w-1 h-11 bg-[#3C3C3C] rounded-r-lg z-30 pointer-events-none" />
  58 |             )}
    at constructor (/Users/umarfaruqsoremekun/Documents/Cursor/markel v2/node_modules/@babel/parser/lib/index.js:367:19)
    at FlowParserMixin.raise (/Users/umarfaruqsoremekun/Documents/Cursor/markel v2/node_modules/@babel/parser/lib/index.js:6627:19)
    at Object.unterminated (/Users/umarfaruqsoremekun/Documents/Cursor/markel v2/node_modules/@babel/parser/lib/index.js:5692:20)
    at readStringContents (/Users/umarfaruqsoremekun/Documents/Cursor/markel v2/node_modules/@babel/parser/lib/index.js:5434:16)
    at FlowParserMixin.readString (/Users/umarfaruqsoremekun/Documents/Cursor/markel v2/node_modules/@babel/parser/lib/index.js:6526:9)
    at FlowParserMixin.getTokenFromCode (/Users/umarfaruqsoremekun/Documents/Cursor/markel v2/node_modules/@babel/parser/lib/index.js:6286:14)
    at FlowParserMixin.getTokenFromCode (/Users/umarfaruqsoremekun/Documents/Cursor/markel v2/node_modules/@babel/parser/lib/index.js:4827:11)
    at FlowParserMixin.getTokenFromCode (/Users/umarfaruqsoremekun/Documents/Cursor/markel v2/node_modules/@babel/parser/lib/index.js:3225:13)
    at FlowParserMixin.nextToken (/Users/umarfaruqsoremekun/Documents/Cursor/markel v2/node_modules/@babel/parser/lib/index.js:5810:10)
    at FlowParserMixin.next (/Users/umarfaruqsoremekun/Documents/Cursor/markel v2/node_modules/@babel/parser/lib/index.js:5720:10)
    at FlowParserMixin.parseTemplateElement (/Users/umarfaruqsoremekun/Documents/Cursor/markel v2/node_modules/@babel/parser/lib/index.js:11784:10)
    at FlowParserMixin.parseTemplate (/Users/umarfaruqsoremekun/Documents/Cursor/markel v2/node_modules/@babel/parser/lib/index.js:11797:33)
    at FlowParserMixin.parseExprAtom (/Users/umarfaruqsoremekun/Documents/Cursor/markel v2/node_modules/@babel/parser/lib/index.js:11346:21)
    at FlowParserMixin.parseExprAtom (/Users/umarfaruqsoremekun/Documents/Cursor/markel v2/node_modules/@babel/parser/lib/index.js:4794:20)
    at FlowParserMixin.parseExprSubscripts (/Users/umarfaruqsoremekun/Documents/Cursor/markel v2/node_modules/@babel/parser/lib/index.js:11076:23)
    at FlowParserMixin.parseUpdate (/Users/umarfaruqsoremekun/Documents/Cursor/markel v2/node_modules/@babel/parser/lib/index.js:11061:21)
    at FlowParserMixin.parseMaybeUnary (/Users/umarfaruqsoremekun/Documents/Cursor/markel v2/node_modules/@babel/parser/lib/index.js:11041:23)
    at FlowParserMixin.parseMaybeUnaryOrPrivate (/Users/umarfaruqsoremekun/Documents/Cursor/markel v2/node_modules/@babel/parser/lib/index.js:10894:61)
    at FlowParserMixin.parseExprOps (/Users/umarfaruqsoremekun/Documents/Cursor/markel v2/node_modules/@babel/parser/lib/index.js:10899:23)
    at FlowParserMixin.parseMaybeConditional (/Users/umarfaruqsoremekun/Documents/Cursor/markel v2/node_modules/@babel/parser/lib/index.js:10876:23)
    at FlowParserMixin.parseMaybeAssign (/Users/umarfaruqsoremekun/Documents/Cursor/markel v2/node_modules/@babel/parser/lib/index.js:10826:21)
    at FlowParserMixin.parseMaybeAssign (/Users/umarfaruqsoremekun/Documents/Cursor/markel v2/node_modules/@babel/parser/lib/index.js:3579:18)
    at FlowParserMixin.parseExpressionBase (/Users/umarfaruqsoremekun/Documents/Cursor/markel v2/node_modules/@babel/parser/lib/index.js:10779:23)
    at /Users/umarfaruqsoremekun/Documents/Cursor/markel v2/node_modules/@babel/parser/lib/index.js:10775:39
    at FlowParserMixin.allowInAnd (/Users/umarfaruqsoremekun/Documents/Cursor/markel v2/node_modules/@babel/parser/lib/index.js:12427:12)
    at FlowParserMixin.parseExpression (/Users/umarfaruqsoremekun/Documents/Cursor/markel v2/node_modules/@babel/parser/lib/index.js:10775:17)
    at FlowParserMixin.jsxParseExpressionContainer (/Users/umarfaruqsoremekun/Documents/Cursor/markel v2/node_modules/@babel/parser/lib/index.js:4662:31)
    at FlowParserMixin.jsxParseAttributeValue (/Users/umarfaruqsoremekun/Documents/Cursor/markel v2/node_modules/@babel/parser/lib/index.js:4634:21)
    at FlowParserMixin.jsxParseAttribute (/Users/umarfaruqsoremekun/Documents/Cursor/markel v2/node_modules/@babel/parser/lib/index.js:4683:38)
    at FlowParserMixin.jsxParseOpeningElementAfterName (/Users/umarfaruqsoremekun/Documents/Cursor/markel v2/node_modules/@babel/parser/lib/index.js:4697:28)
    at FlowParserMixin.jsxParseOpeningElementAfterName (/Users/umarfaruqsoremekun/Documents/Cursor/markel v2/node_modules/@babel/parser/lib/index.js:4098:18)
    at FlowParserMixin.jsxParseOpeningElementAt (/Users/umarfaruqsoremekun/Documents/Cursor/markel v2/node_modules/@babel/parser/lib/index.js:4692:17)
    at FlowParserMixin.jsxParseElementAt (/Users/umarfaruqsoremekun/Documents/Cursor/markel v2/node_modules/@babel/parser/lib/index.js:4716:33)
    at FlowParserMixin.jsxParseElementAt (/Users/umarfaruqsoremekun/Documents/Cursor/markel v2/node_modules/@babel/parser/lib/index.js:4728:32)
    at FlowParserMixin.jsxParseElementAt (/Users/umarfaruqsoremekun/Documents/Cursor/markel v2/node_modules/@babel/parser/lib/index.js:4728:32)
    at FlowParserMixin.jsxParseElement (/Users/umarfaruqsoremekun/Documents/Cursor/markel v2/node_modules/@babel/parser/lib/index.js:4779:17)
    at FlowParserMixin.parseExprAtom (/Users/umarfaruqsoremekun/Documents/Cursor/markel v2/node_modules/@babel/parser/lib/index.js:4789:19)
    at FlowParserMixin.parseExprSubscripts (/Users/umarfaruqsoremekun/Documents/Cursor/markel v2/node_modules/@babel/parser/lib/index.js:11076:23)
    at FlowParserMixin.parseUpdate (/Users/umarfaruqsoremekun/Documents/Cursor/markel v2/node_modules/@babel/parser/lib/index.js:11061:21)
    at FlowParserMixin.parseMaybeUnary (/Users/umarfaruqsoremekun/Documents/Cursor/markel v2/node_modules/@babel/parser/lib/index.js:11041:23)
    at FlowParserMixin.parseMaybeUnaryOrPrivate (/Users/umarfaruqsoremekun/Documents/Cursor/markel v2/node_modules/@babel/parser/lib/index.js:10894:61)
    at FlowParserMixin.parseExprOps (/Users/umarfaruqsoremekun/Documents/Cursor/markel v2/node_modules/@babel/parser/lib/index.js:10899:23)
    at FlowParserMixin.parseMaybeConditional (/Users/umarfaruqsoremekun/Documents/Cursor/markel v2/node_modules/@babel/parser/lib/index.js:10876:23)
    at FlowParserMixin.parseMaybeAssign (/Users/umarfaruqsoremekun/Documents/Cursor/markel v2/node_modules/@babel/parser/lib/index.js:10826:21)
    at /Users/umarfaruqsoremekun/Documents/Cursor/markel v2/node_modules/@babel/parser/lib/index.js:3528:39
    at FlowParserMixin.tryParse (/Users/umarfaruqsoremekun/Documents/Cursor/markel v2/node_modules/@babel/parser/lib/index.js:6935:20)
    at FlowParserMixin.parseMaybeAssign (/Users/umarfaruqsoremekun/Documents/Cursor/markel v2/node_modules/@babel/parser/lib/index.js:3528:18)
    at /Users/umarfaruqsoremekun/Documents/Cursor/markel v2/node_modules/@babel/parser/lib/index.js:10795:39
    at FlowParserMixin.allowInAnd (/Users/umarfaruqsoremekun/Documents/Cursor/markel v2/node_modules/@babel/parser/lib/index.js:12427:12)
    at FlowParserMixin.parseMaybeAssignAllowIn (/Users/umarfaruqsoremekun/Documents/Cursor/markel v2/node_modules/@babel/parser/lib/index.js:10795:17)

ERROR in [eslint] 
src/components/Sidebar.js
  Line 55:213:  Parsing error: Unterminated string constant. (55:213)

webpack compiled with 2 errors
Compiling...
Compiled successfully!
webpack compiled successfully
Compiling...
Compiled with warnings.

[eslint] 
src/components/Sidebar.js
  Line 199:10:  'showDupHint' is assigned a value but never used  no-unused-vars

Search for the keywords to learn more about each warning.
To ignore, add // eslint-disable-next-line to the line before.

WARNING in [eslint] 
src/components/Sidebar.js
  Line 199:10:  'showDupHint' is assigned a value but never used  no-unused-vars

webpack compiled with 1 warning
Compiling...
Compiled successfully!
webpack compiled successfully
Compiling...
Compiled successfully!
webpack compiled successfully
